0 info it worked if it ends with ok
1 verbose cli [ '/usr/local/bin/node', '/usr/local/bin/npm', 'run', 'lint' ]
2 info using npm@3.10.10
3 info using node@v10.15.0
4 verbose run-script [ 'prelint', 'lint', 'postlint' ]
5 info lifecycle wxapp-typescript-starter@1.0.0~prelint: wxapp-typescript-starter@1.0.0
6 silly lifecycle wxapp-typescript-starter@1.0.0~prelint: no script for prelint, continuing
7 info lifecycle wxapp-typescript-starter@1.0.0~lint: wxapp-typescript-starter@1.0.0
8 verbose lifecycle wxapp-typescript-starter@1.0.0~lint: unsafe-perm in lifecycle true
9 verbose lifecycle wxapp-typescript-starter@1.0.0~lint: PATH: /usr/local/lib/node_modules/npm/bin/node-gyp-bin:/Users/jiangyousong/Desktop/wxapp-typescript-starter/node_modules/.bin:/usr/local/opt/node@10/bin:/Users/jiangyousong/bin:/usr/local/bin:/usr/local/bin:/usr/bin:/bin:/usr/sbin:/sbin:/usr/local/go/bin:/usr/local/opt/node@10/bin:/Users/jiangyousong/bin
10 verbose lifecycle wxapp-typescript-starter@1.0.0~lint: CWD: /Users/jiangyousong/Desktop/wxapp-typescript-starter
11 silly lifecycle wxapp-typescript-starter@1.0.0~lint: Args: [ '-c', 'eslint --ext .ts --ext .js --fix src/' ]
12 silly lifecycle wxapp-typescript-starter@1.0.0~lint: Returned: code: 1  signal: null
13 info lifecycle wxapp-typescript-starter@1.0.0~lint: Failed to exec lint script
14 verbose stack Error: wxapp-typescript-starter@1.0.0 lint: `eslint --ext .ts --ext .js --fix src/`
14 verbose stack Exit status 1
14 verbose stack     at EventEmitter.<anonymous> (/usr/local/lib/node_modules/npm/lib/utils/lifecycle.js:255:16)
14 verbose stack     at EventEmitter.emit (events.js:182:13)
14 verbose stack     at ChildProcess.<anonymous> (/usr/local/lib/node_modules/npm/lib/utils/spawn.js:40:14)
14 verbose stack     at ChildProcess.emit (events.js:182:13)
14 verbose stack     at maybeClose (internal/child_process.js:962:16)
14 verbose stack     at Process.ChildProcess._handle.onexit (internal/child_process.js:251:5)
15 verbose pkgid wxapp-typescript-starter@1.0.0
16 verbose cwd /Users/jiangyousong/Desktop/wxapp-typescript-starter
17 error Darwin 18.6.0
18 error argv "/usr/local/bin/node" "/usr/local/bin/npm" "run" "lint"
19 error node v10.15.0
20 error npm  v3.10.10
21 error code ELIFECYCLE
22 error wxapp-typescript-starter@1.0.0 lint: `eslint --ext .ts --ext .js --fix src/`
22 error Exit status 1
23 error Failed at the wxapp-typescript-starter@1.0.0 lint script 'eslint --ext .ts --ext .js --fix src/'.
23 error Make sure you have the latest version of node.js and npm installed.
23 error If you do, this is most likely a problem with the wxapp-typescript-starter package,
23 error not with npm itself.
23 error Tell the author that this fails on your system:
23 error     eslint --ext .ts --ext .js --fix src/
23 error You can get information on how to open an issue for this project with:
23 error     npm bugs wxapp-typescript-starter
23 error Or if that isn't available, you can get their info via:
23 error     npm owner ls wxapp-typescript-starter
23 error There is likely additional logging output above.
24 verbose exit [ 1, true ]
